{"/Users/zubair.abubakar/Documents/repos/disable-payment-instrument-token/src/app/actions/processEmails.ts": {"path":"/Users/zubair.abubakar/Documents/repos/disable-payment-instrument-token/src/app/actions/processEmails.ts","all":false,"statementMap":{"0":{"start":{"line":1,"column":0},"end":{"line":1,"column":13}},"1":{"start":{"line":2,"column":0},"end":{"line":2,"column":0}},"2":{"start":{"line":3,"column":0},"end":{"line":3,"column":107}},"3":{"start":{"line":4,"column":0},"end":{"line":4,"column":0}},"4":{"start":{"line":5,"column":0},"end":{"line":5,"column":48}},"5":{"start":{"line":6,"column":0},"end":{"line":6,"column":35}},"6":{"start":{"line":7,"column":0},"end":{"line":7,"column":16}},"7":{"start":{"line":8,"column":0},"end":{"line":8,"column":22}},"8":{"start":{"line":9,"column":0},"end":{"line":9,"column":16}},"9":{"start":{"line":10,"column":0},"end":{"line":10,"column":80}},"10":{"start":{"line":11,"column":0},"end":{"line":11,"column":1}},"11":{"start":{"line":12,"column":0},"end":{"line":12,"column":0}},"12":{"start":{"line":13,"column":0},"end":{"line":13,"column":57}},"13":{"start":{"line":14,"column":0},"end":{"line":14,"column":74}},"14":{"start":{"line":15,"column":0},"end":{"line":15,"column":66}},"15":{"start":{"line":16,"column":0},"end":{"line":16,"column":1}},"16":{"start":{"line":17,"column":0},"end":{"line":17,"column":0}},"17":{"start":{"line":18,"column":0},"end":{"line":18,"column":33}},"18":{"start":{"line":19,"column":0},"end":{"line":19,"column":134}},"19":{"start":{"line":20,"column":0},"end":{"line":20,"column":28}},"20":{"start":{"line":21,"column":0},"end":{"line":21,"column":38}},"21":{"start":{"line":22,"column":0},"end":{"line":22,"column":75}},"22":{"start":{"line":23,"column":0},"end":{"line":23,"column":0}},"23":{"start":{"line":24,"column":0},"end":{"line":24,"column":38}},"24":{"start":{"line":25,"column":0},"end":{"line":25,"column":4}},"25":{"start":{"line":26,"column":0},"end":{"line":26,"column":47}},"26":{"start":{"line":27,"column":0},"end":{"line":27,"column":106}},"27":{"start":{"line":28,"column":0},"end":{"line":28,"column":31}},"28":{"start":{"line":29,"column":0},"end":{"line":29,"column":30}},"29":{"start":{"line":30,"column":0},"end":{"line":30,"column":25}},"30":{"start":{"line":31,"column":0},"end":{"line":31,"column":25}},"31":{"start":{"line":32,"column":0},"end":{"line":32,"column":28}},"32":{"start":{"line":33,"column":0},"end":{"line":33,"column":0}},"33":{"start":{"line":34,"column":0},"end":{"line":34,"column":9}},"34":{"start":{"line":35,"column":0},"end":{"line":35,"column":52}},"35":{"start":{"line":36,"column":0},"end":{"line":36,"column":91}},"36":{"start":{"line":37,"column":0},"end":{"line":37,"column":37}},"37":{"start":{"line":38,"column":0},"end":{"line":38,"column":113}},"38":{"start":{"line":39,"column":0},"end":{"line":39,"column":43}},"39":{"start":{"line":40,"column":0},"end":{"line":40,"column":119}},"40":{"start":{"line":41,"column":0},"end":{"line":41,"column":7}},"41":{"start":{"line":42,"column":0},"end":{"line":42,"column":12}},"42":{"start":{"line":43,"column":0},"end":{"line":43,"column":66}},"43":{"start":{"line":44,"column":0},"end":{"line":44,"column":41}},"44":{"start":{"line":45,"column":0},"end":{"line":45,"column":47}},"45":{"start":{"line":46,"column":0},"end":{"line":46,"column":55}},"46":{"start":{"line":47,"column":0},"end":{"line":47,"column":39}},"47":{"start":{"line":48,"column":0},"end":{"line":48,"column":102}},"48":{"start":{"line":49,"column":0},"end":{"line":49,"column":21}},"49":{"start":{"line":50,"column":0},"end":{"line":50,"column":11}},"50":{"start":{"line":51,"column":0},"end":{"line":51,"column":85}},"51":{"start":{"line":52,"column":0},"end":{"line":52,"column":90}},"52":{"start":{"line":53,"column":0},"end":{"line":53,"column":37}},"53":{"start":{"line":54,"column":0},"end":{"line":54,"column":107}},"54":{"start":{"line":55,"column":0},"end":{"line":55,"column":21}},"55":{"start":{"line":56,"column":0},"end":{"line":56,"column":11}},"56":{"start":{"line":57,"column":0},"end":{"line":57,"column":76}},"57":{"start":{"line":58,"column":0},"end":{"line":58,"column":47}},"58":{"start":{"line":59,"column":0},"end":{"line":59,"column":111}},"59":{"start":{"line":60,"column":0},"end":{"line":60,"column":21}},"60":{"start":{"line":61,"column":0},"end":{"line":61,"column":11}},"61":{"start":{"line":62,"column":0},"end":{"line":62,"column":71}},"62":{"start":{"line":63,"column":0},"end":{"line":63,"column":43}},"63":{"start":{"line":64,"column":0},"end":{"line":64,"column":0}},"64":{"start":{"line":65,"column":0},"end":{"line":65,"column":42}},"65":{"start":{"line":66,"column":0},"end":{"line":66,"column":56}},"66":{"start":{"line":67,"column":0},"end":{"line":67,"column":42}},"67":{"start":{"line":68,"column":0},"end":{"line":68,"column":90}},"68":{"start":{"line":69,"column":0},"end":{"line":69,"column":23}},"69":{"start":{"line":70,"column":0},"end":{"line":70,"column":13}},"70":{"start":{"line":71,"column":0},"end":{"line":71,"column":90}},"71":{"start":{"line":72,"column":0},"end":{"line":72,"column":108}},"72":{"start":{"line":73,"column":0},"end":{"line":73,"column":26}},"73":{"start":{"line":74,"column":0},"end":{"line":74,"column":52}},"74":{"start":{"line":75,"column":0},"end":{"line":75,"column":29}},"75":{"start":{"line":76,"column":0},"end":{"line":76,"column":41}},"76":{"start":{"line":77,"column":0},"end":{"line":77,"column":20}},"77":{"start":{"line":78,"column":0},"end":{"line":78,"column":48}},"78":{"start":{"line":79,"column":0},"end":{"line":79,"column":29}},"79":{"start":{"line":80,"column":0},"end":{"line":80,"column":13}},"80":{"start":{"line":81,"column":0},"end":{"line":81,"column":11}},"81":{"start":{"line":82,"column":0},"end":{"line":82,"column":9}},"82":{"start":{"line":83,"column":0},"end":{"line":83,"column":62}},"83":{"start":{"line":84,"column":0},"end":{"line":84,"column":44}},"84":{"start":{"line":85,"column":0},"end":{"line":85,"column":122}},"85":{"start":{"line":86,"column":0},"end":{"line":86,"column":58}},"86":{"start":{"line":87,"column":0},"end":{"line":87,"column":43}},"87":{"start":{"line":88,"column":0},"end":{"line":88,"column":92}},"88":{"start":{"line":89,"column":0},"end":{"line":89,"column":60}},"89":{"start":{"line":90,"column":0},"end":{"line":90,"column":36}},"90":{"start":{"line":91,"column":0},"end":{"line":91,"column":87}},"91":{"start":{"line":92,"column":0},"end":{"line":92,"column":60}},"92":{"start":{"line":93,"column":0},"end":{"line":93,"column":69}},"93":{"start":{"line":94,"column":0},"end":{"line":94,"column":100}},"94":{"start":{"line":95,"column":0},"end":{"line":95,"column":60}},"95":{"start":{"line":96,"column":0},"end":{"line":96,"column":39}},"96":{"start":{"line":97,"column":0},"end":{"line":97,"column":79}},"97":{"start":{"line":98,"column":0},"end":{"line":98,"column":9}},"98":{"start":{"line":99,"column":0},"end":{"line":99,"column":7}},"99":{"start":{"line":100,"column":0},"end":{"line":100,"column":26}},"100":{"start":{"line":101,"column":0},"end":{"line":101,"column":99}},"101":{"start":{"line":102,"column":0},"end":{"line":102,"column":68}},"102":{"start":{"line":103,"column":0},"end":{"line":103,"column":38}},"103":{"start":{"line":104,"column":0},"end":{"line":104,"column":89}},"104":{"start":{"line":105,"column":0},"end":{"line":105,"column":5}},"105":{"start":{"line":106,"column":0},"end":{"line":106,"column":68}},"106":{"start":{"line":107,"column":0},"end":{"line":107,"column":60}},"107":{"start":{"line":108,"column":0},"end":{"line":108,"column":3}},"108":{"start":{"line":109,"column":0},"end":{"line":109,"column":0}},"109":{"start":{"line":110,"column":0},"end":{"line":110,"column":45}},"110":{"start":{"line":111,"column":0},"end":{"line":111,"column":27}},"111":{"start":{"line":112,"column":0},"end":{"line":112,"column":1}}},"s":{"0":1,"1":1,"2":1,"3":1,"4":1,"5":1,"6":1,"7":1,"8":1,"9":1,"10":1,"11":1,"12":1,"13":1,"14":1,"15":1,"16":1,"17":1,"18":1,"19":5,"20":5,"21":5,"22":5,"23":5,"24":5,"25":5,"26":5,"27":5,"28":5,"29":5,"30":5,"31":5,"32":5,"33":5,"34":5,"35":5,"36":5,"37":1,"38":1,"39":1,"40":1,"41":3,"42":3,"43":3,"44":3,"45":3,"46":3,"47":0,"48":0,"49":0,"50":3,"51":3,"52":3,"53":0,"54":0,"55":0,"56":3,"57":3,"58":1,"59":1,"60":1,"61":2,"62":2,"63":2,"64":3,"65":3,"66":3,"67":0,"68":0,"69":0,"70":3,"71":3,"72":3,"73":2,"74":2,"75":2,"76":3,"77":1,"78":1,"79":1,"80":3,"81":2,"82":3,"83":1,"84":1,"85":3,"86":1,"87":1,"88":1,"89":1,"90":1,"91":1,"92":0,"93":0,"94":0,"95":0,"96":0,"97":0,"98":3,"99":5,"100":1,"101":1,"102":1,"103":1,"104":1,"105":5,"106":5,"107":5,"108":5,"109":5,"110":5,"111":5},"branchMap":{"0":{"type":"branch","line":19,"loc":{"start":{"line":19,"column":7},"end":{"line":112,"column":1}},"locations":[{"start":{"line":19,"column":7},"end":{"line":112,"column":1}}]},"1":{"type":"branch","line":37,"loc":{"start":{"line":37,"column":-1},"end":{"line":37,"column":36}},"locations":[{"start":{"line":37,"column":-1},"end":{"line":37,"column":36}}]},"2":{"type":"branch","line":37,"loc":{"start":{"line":37,"column":36},"end":{"line":41,"column":7}},"locations":[{"start":{"line":37,"column":36},"end":{"line":41,"column":7}}]},"3":{"type":"branch","line":42,"loc":{"start":{"line":42,"column":-1},"end":{"line":99,"column":7}},"locations":[{"start":{"line":42,"column":-1},"end":{"line":99,"column":7}}]},"4":{"type":"branch","line":47,"loc":{"start":{"line":47,"column":38},"end":{"line":50,"column":11}},"locations":[{"start":{"line":47,"column":38},"end":{"line":50,"column":11}}]},"5":{"type":"branch","line":53,"loc":{"start":{"line":53,"column":36},"end":{"line":56,"column":11}},"locations":[{"start":{"line":53,"column":36},"end":{"line":56,"column":11}}]},"6":{"type":"branch","line":58,"loc":{"start":{"line":58,"column":46},"end":{"line":61,"column":11}},"locations":[{"start":{"line":58,"column":46},"end":{"line":61,"column":11}}]},"7":{"type":"branch","line":62,"loc":{"start":{"line":62,"column":-1},"end":{"line":65,"column":41}},"locations":[{"start":{"line":62,"column":-1},"end":{"line":65,"column":41}}]},"8":{"type":"branch","line":67,"loc":{"start":{"line":67,"column":41},"end":{"line":70,"column":13}},"locations":[{"start":{"line":67,"column":41},"end":{"line":70,"column":13}}]},"9":{"type":"branch","line":73,"loc":{"start":{"line":73,"column":25},"end":{"line":77,"column":13}},"locations":[{"start":{"line":73,"column":25},"end":{"line":77,"column":13}}]},"10":{"type":"branch","line":77,"loc":{"start":{"line":77,"column":13},"end":{"line":80,"column":13}},"locations":[{"start":{"line":77,"column":13},"end":{"line":80,"column":13}}]},"11":{"type":"branch","line":82,"loc":{"start":{"line":82,"column":-1},"end":{"line":82,"column":9}},"locations":[{"start":{"line":82,"column":-1},"end":{"line":82,"column":9}}]},"12":{"type":"branch","line":83,"loc":{"start":{"line":83,"column":33},"end":{"line":83,"column":59}},"locations":[{"start":{"line":83,"column":33},"end":{"line":83,"column":59}}]},"13":{"type":"branch","line":83,"loc":{"start":{"line":83,"column":61},"end":{"line":86,"column":9}},"locations":[{"start":{"line":83,"column":61},"end":{"line":86,"column":9}}]},"14":{"type":"branch","line":86,"loc":{"start":{"line":86,"column":9},"end":{"line":98,"column":9}},"locations":[{"start":{"line":86,"column":9},"end":{"line":98,"column":9}}]},"15":{"type":"branch","line":86,"loc":{"start":{"line":86,"column":35},"end":{"line":86,"column":55}},"locations":[{"start":{"line":86,"column":35},"end":{"line":86,"column":55}}]},"16":{"type":"branch","line":86,"loc":{"start":{"line":86,"column":57},"end":{"line":98,"column":9}},"locations":[{"start":{"line":86,"column":57},"end":{"line":98,"column":9}}]},"17":{"type":"branch","line":92,"loc":{"start":{"line":92,"column":9},"end":{"line":98,"column":9}},"locations":[{"start":{"line":92,"column":9},"end":{"line":98,"column":9}}]},"18":{"type":"branch","line":100,"loc":{"start":{"line":100,"column":6},"end":{"line":105,"column":5}},"locations":[{"start":{"line":100,"column":6},"end":{"line":105,"column":5}}]},"19":{"type":"branch","line":102,"loc":{"start":{"line":102,"column":44},"end":{"line":102,"column":63}},"locations":[{"start":{"line":102,"column":44},"end":{"line":102,"column":63}}]},"20":{"type":"branch","line":104,"loc":{"start":{"line":104,"column":38},"end":{"line":104,"column":88}},"locations":[{"start":{"line":104,"column":38},"end":{"line":104,"column":88}}]}},"b":{"0":[5],"1":[4],"2":[1],"3":[3],"4":[0],"5":[0],"6":[1],"7":[2],"8":[0],"9":[2],"10":[1],"11":[2],"12":[1],"13":[1],"14":[2],"15":[1],"16":[1],"17":[0],"18":[1],"19":[0],"20":[0]},"fnMap":{"0":{"name":"processEmailsAction","decl":{"start":{"line":19,"column":7},"end":{"line":112,"column":1}},"loc":{"start":{"line":19,"column":7},"end":{"line":112,"column":1}},"line":19}},"f":{"0":5}}
}
