TN:
SF:src/app/actions/processEmails.ts
FN:19,processEmailsAction
FNF:1
FNH:1
FNDA:5,processEmailsAction
DA:1,1
DA:2,1
DA:3,1
DA:4,1
DA:5,1
DA:6,1
DA:7,1
DA:8,1
DA:9,1
DA:10,1
DA:11,1
DA:12,1
DA:13,1
DA:14,1
DA:15,1
DA:16,1
DA:17,1
DA:18,1
DA:19,1
DA:20,5
DA:21,5
DA:22,5
DA:23,5
DA:24,5
DA:25,5
DA:26,5
DA:27,5
DA:28,5
DA:29,5
DA:30,5
DA:31,5
DA:32,5
DA:33,5
DA:34,5
DA:35,5
DA:36,5
DA:37,5
DA:38,1
DA:39,1
DA:40,1
DA:41,1
DA:42,3
DA:43,3
DA:44,3
DA:45,3
DA:46,3
DA:47,3
DA:48,0
DA:49,0
DA:50,0
DA:51,3
DA:52,3
DA:53,3
DA:54,0
DA:55,0
DA:56,0
DA:57,3
DA:58,3
DA:59,1
DA:60,1
DA:61,1
DA:62,2
DA:63,2
DA:64,2
DA:65,3
DA:66,3
DA:67,3
DA:68,0
DA:69,0
DA:70,0
DA:71,3
DA:72,3
DA:73,3
DA:74,2
DA:75,2
DA:76,2
DA:77,3
DA:78,1
DA:79,1
DA:80,1
DA:81,3
DA:82,2
DA:83,3
DA:84,1
DA:85,1
DA:86,3
DA:87,1
DA:88,1
DA:89,1
DA:90,1
DA:91,1
DA:92,1
DA:93,0
DA:94,0
DA:95,0
DA:96,0
DA:97,0
DA:98,0
DA:99,3
DA:100,5
DA:101,1
DA:102,1
DA:103,1
DA:104,1
DA:105,1
DA:106,5
DA:107,5
DA:108,5
DA:109,5
DA:110,5
DA:111,5
DA:112,5
LF:112
LH:97
BRDA:19,0,0,5
BRDA:37,1,0,4
BRDA:37,2,0,1
BRDA:42,3,0,3
BRDA:47,4,0,0
BRDA:53,5,0,0
BRDA:58,6,0,1
BRDA:62,7,0,2
BRDA:67,8,0,0
BRDA:73,9,0,2
BRDA:77,10,0,1
BRDA:82,11,0,2
BRDA:83,12,0,1
BRDA:83,13,0,1
BRDA:86,14,0,2
BRDA:86,15,0,1
BRDA:86,16,0,1
BRDA:92,17,0,0
BRDA:100,18,0,1
BRDA:102,19,0,0
BRDA:104,20,0,0
BRF:21
BRH:15
end_of_record
